d:\0_code\数据结构\数据结构\排序\归并排序\x64\debug\归并排序.pch
d:\0_code\数据结构\数据结构\排序\归并排序\x64\debug\vc141.pdb
d:\0_code\数据结构\数据结构\排序\归并排序\x64\debug\vc141.idb
d:\0_code\数据结构\数据结构\排序\归并排序\x64\debug\pch.obj
d:\0_code\数据结构\数据结构\排序\归并排序\x64\debug\归并排序.obj
e:\code\study\数据结构\数据结构\排序\归并排序\x64\debug\归并排序.pch
e:\code\study\数据结构\数据结构\排序\归并排序\x64\debug\vc141.pdb
e:\code\study\数据结构\数据结构\排序\归并排序\x64\debug\vc141.idb
e:\code\study\数据结构\数据结构\排序\归并排序\x64\debug\pch.obj
d:\0_code\数据结构\x64\debug\归并排序.exe
d:\0_code\数据结构\x64\debug\归并排序.ilk
d:\0_code\数据结构\x64\debug\归并排序.pdb
e:\code\study\数据结构\x64\debug\归并排序.pdb
e:\code\study\数据结构\x64\debug\归并排序.exe
e:\code\study\数据结构\x64\debug\归并排序.ilk
e:\code\study\数据结构\数据结构\排序\归并排序\x64\debug\归并排序.tlog\cl.command.1.tlog
e:\code\study\数据结构\数据结构\排序\归并排序\x64\debug\归并排序.tlog\cl.read.1.tlog
e:\code\study\数据结构\数据结构\排序\归并排序\x64\debug\归并排序.tlog\cl.write.1.tlog
e:\code\study\数据结构\数据结构\排序\归并排序\x64\debug\归并排序.tlog\link.command.1.tlog
e:\code\study\数据结构\数据结构\排序\归并排序\x64\debug\归并排序.tlog\link.read.1.tlog
e:\code\study\数据结构\数据结构\排序\归并排序\x64\debug\归并排序.tlog\link.write.1.tlog
