d:\0_code\数据结构\数据结构\查找\折半查找\x64\debug\折半查找.pch
d:\0_code\数据结构\数据结构\查找\折半查找\x64\debug\vc141.pdb
d:\0_code\数据结构\数据结构\查找\折半查找\x64\debug\vc141.idb
d:\0_code\数据结构\数据结构\查找\折半查找\x64\debug\pch.obj
d:\0_code\数据结构\数据结构\查找\折半查找\x64\debug\折半查找.obj
d:\0_code\数据结构\x64\debug\折半查找.ilk
d:\0_code\数据结构\x64\debug\折半查找.exe
d:\0_code\数据结构\x64\debug\折半查找.pdb
e:\code\study\数据结构\数据结构\查找\折半查找\x64\debug\pch.obj
e:\code\study\数据结构\数据结构\查找\折半查找\x64\debug\折半查找.obj
e:\code\study\数据结构\数据结构\查找\折半查找\x64\debug\折半查找.pch
e:\code\study\数据结构\数据结构\查找\折半查找\x64\debug\vc141.idb
e:\code\study\数据结构\数据结构\查找\折半查找\x64\debug\vc141.pdb
e:\code\study\数据结构\x64\debug\折半查找.pdb
e:\code\study\数据结构\x64\debug\折半查找.exe
e:\code\study\数据结构\x64\debug\折半查找.ilk
e:\code\study\数据结构\数据结构\查找\折半查找\x64\debug\折半查找.tlog\cl.command.1.tlog
e:\code\study\数据结构\数据结构\查找\折半查找\x64\debug\折半查找.tlog\cl.read.1.tlog
e:\code\study\数据结构\数据结构\查找\折半查找\x64\debug\折半查找.tlog\cl.write.1.tlog
e:\code\study\数据结构\数据结构\查找\折半查找\x64\debug\折半查找.tlog\link.command.1.tlog
e:\code\study\数据结构\数据结构\查找\折半查找\x64\debug\折半查找.tlog\link.read.1.tlog
e:\code\study\数据结构\数据结构\查找\折半查找\x64\debug\折半查找.tlog\link.write.1.tlog
